0 info it worked if it ends with ok
1 verbose cli [ '/Users/chuckmcquilken/.nvm/v0.10.35/bin/node',
1 verbose cli   '/Users/chuckmcquilken/.nvm/v0.10.35/bin/npm',
1 verbose cli   'install',
1 verbose cli   'usemin' ]
2 info using npm@1.4.28
3 info using node@v0.10.35
4 warn package.json countriesCapitals@1.0.0 No README data
5 warn package.json gulp-minify-css@1.2.4 No repository field.
6 verbose readDependencies using package.json deps
7 verbose cache add [ 'usemin', null ]
8 verbose cache add name=undefined spec="usemin" args=["usemin",null]
9 verbose parsed url { protocol: null,
9 verbose parsed url   slashes: null,
9 verbose parsed url   auth: null,
9 verbose parsed url   host: null,
9 verbose parsed url   port: null,
9 verbose parsed url   hostname: null,
9 verbose parsed url   hash: null,
9 verbose parsed url   search: null,
9 verbose parsed url   query: null,
9 verbose parsed url   pathname: 'usemin',
9 verbose parsed url   path: 'usemin',
9 verbose parsed url   href: 'usemin' }
10 silly lockFile c165f364-usemin usemin
11 verbose lock usemin /Users/chuckmcquilken/.npm/c165f364-usemin.lock
12 silly lockFile c165f364-usemin usemin
13 silly lockFile c165f364-usemin usemin
14 verbose addNamed [ 'usemin', '' ]
15 verbose addNamed [ null, '*' ]
16 silly lockFile f9e31115-usemin usemin@
17 verbose lock usemin@ /Users/chuckmcquilken/.npm/f9e31115-usemin.lock
18 silly addNameRange { name: 'usemin', range: '*', hasData: false }
19 verbose request where is /usemin
20 verbose request registry https://registry.npmjs.org/
21 verbose request id 1650069a603c8d9c
22 verbose url raw /usemin
23 verbose url resolving [ 'https://registry.npmjs.org/', './usemin' ]
24 verbose url resolved https://registry.npmjs.org/usemin
25 verbose request where is https://registry.npmjs.org/usemin
26 info trying registry request attempt 1 at 23:17:54
27 http GET https://registry.npmjs.org/usemin
28 http 404 https://registry.npmjs.org/usemin
29 silly registry.get cb [ 404,
29 silly registry.get   { 'content-type': 'application/json',
29 silly registry.get     'cache-control': 'max-age=0',
29 silly registry.get     'content-length': '2',
29 silly registry.get     'accept-ranges': 'bytes',
29 silly registry.get     date: 'Sun, 24 Apr 2016 04:17:55 GMT',
29 silly registry.get     via: '1.1 varnish',
29 silly registry.get     age: '0',
29 silly registry.get     connection: 'keep-alive',
29 silly registry.get     'x-served-by': 'cache-dfw1846-DFW',
29 silly registry.get     'x-cache': 'MISS',
29 silly registry.get     'x-cache-hits': '0',
29 silly registry.get     'x-timer': 'S1461471475.411912,VS0,VE216',
29 silly registry.get     vary: 'Accept-Encoding' } ]
30 silly lockFile f9e31115-usemin usemin@
31 silly lockFile f9e31115-usemin usemin@
32 error 404 Not Found
32 error 404
32 error 404 'usemin' is not in the npm registry.
32 error 404 You should bug the author to publish it
32 error 404 It was specified as a dependency of 'countriesCapitals'
32 error 404
32 error 404 Note that you can also install from a
32 error 404 tarball, folder, or http url, or git url.
33 error System Darwin 15.3.0
34 error command "/Users/chuckmcquilken/.nvm/v0.10.35/bin/node" "/Users/chuckmcquilken/.nvm/v0.10.35/bin/npm" "install" "usemin"
35 error cwd /Users/chuckmcquilken/Documents/Code/countriesCapitals
36 error node -v v0.10.35
37 error npm -v 1.4.28
38 error code E404
39 verbose exit [ 1, true ]
